
> build
> vite build

[@lovable.dev/vite-tanstack-config] No Lovable context detected — skipping nitro deploy plugin. Pass `nitro: true` (or `nitro: { ... }`) to force-enable.
[@lovable.dev/vite-tanstack-config] No Lovable context detected — skipping nitro deploy plugin. Pass `nitro: true` (or `nitro: { ... }`) to force-enable.
[@lovable.dev/vite-tanstack-config] No Lovable context detected — skipping nitro deploy plugin. Pass `nitro: true` (or `nitro: { ... }`) to force-enable.
[36mvite v7.3.5 [32mbuilding client environment for production...[36m[39m
transforming...
[32m✓[39m 1968 modules transformed.
rendering chunks...
computing gzip size...
[2mdist/client/[22m[35massets/styles-BrV8y9ZB.css              [39m[1m[2m 61.87 kB[22m[1m[22m[2m │ gzip:  10.93 kB[22m
[2mdist/client/[22m[36massets/youtube-callback-WF8uk3kq.js     [39m[1m[2m  1.97 kB[22m[1m[22m[2m │ gzip:   0.98 kB[22m
[2mdist/client/[22m[36massets/youtube-auth.server-Bh__kb9h.js  [39m[1m[2m  4.66 kB[22m[1m[22m[2m │ gzip:   2.04 kB[22m
[2mdist/client/[22m[36massets/index-DR67-PSd.js                [39m[1m[2m 68.21 kB[22m[1m[22m[2m │ gzip:  19.79 kB[22m
[2mdist/client/[22m[36massets/index-CI1fN6cX.js                [39m[1m[33m559.86 kB[39m[22m[2m │ gzip: 165.88 kB[22m
[33m
(!) Some chunks are larger than 500 kB after minification. Consider:
- Using dynamic import() to code-split the application
- Use build.rollupOptions.output.manualChunks to improve chunking: https://rollupjs.org/configuration-options/#output-manualchunks
- Adjust chunk size limit for this warning via build.chunkSizeWarningLimit.[39m
[32m✓ built in 7.12s[39m
[36mvite v7.3.5 [32mbuilding ssr environment for production...[36m[39m
transforming...
[33m"createRequestHandler", "defineHandlerCallback", "transformPipeableStreamWithRouter" and "transformReadableStreamWithRouter" are imported from external module "@tanstack/router-core/ssr/server" but never used in "node_modules/@tanstack/start-server-core/dist/esm/index.js".[39m
[33m"RawStream" is imported from external module "@tanstack/router-core" but never used in "node_modules/@tanstack/start-client-core/dist/esm/index.js".[39m
[33m"hydrate" and "json" are imported from external module "@tanstack/router-core/ssr/client" but never used in "node_modules/@tanstack/start-client-core/dist/esm/index.js".[39m
[32m✓[39m 77 modules transformed.
rendering chunks...
[2mdist/server/[22m[36massets/empty-plugin-adapters-BFgPZ6_d.js       [39m[1m[2m 0.13 kB[22m[1m[22m
[2mdist/server/[22m[36massets/createServerRpc-CKN9w7bd.js             [39m[1m[2m 0.31 kB[22m[1m[22m
[2mdist/server/[22m[36massets/youtube-auth.functions-Zvh0SHCl.js      [39m[1m[2m 0.51 kB[22m[1m[22m
[2mdist/server/[22m[36massets/_tanstack-start-manifest_v-CGY0j_Qp.js  [39m[1m[2m 0.75 kB[22m[1m[22m
[2mdist/server/[22m[36massets/youtube-auth.server-F6N5uo-6.js         [39m[1m[2m 1.40 kB[22m[1m[22m
[2mdist/server/[22m[36massets/youtube-auth.server-BXRinCuk.js         [39m[1m[2m 2.57 kB[22m[1m[22m
[2mdist/server/[22m[36massets/start-B4-dIDFz.js                       [39m[1m[2m 2.86 kB[22m[1m[22m
[2mdist/server/[22m[36massets/youtube-callback-BQa4UgNR.js            [39m[1m[2m 3.18 kB[22m[1m[22m
[2mdist/server/[22m[36mserver.js                                      [39m[1m[2m 3.34 kB[22m[1m[22m
[2mdist/server/[22m[36massets/render-jobs.functions-D4nAOEJz.js       [39m[1m[2m 4.37 kB[22m[1m[22m
[2mdist/server/[22m[36massets/transcript.functions-CaLasqew.js        [39m[1m[2m 5.00 kB[22m[1m[22m
[2mdist/server/[22m[36massets/router-nIK74VPQ.js                      [39m[1m[2m 6.99 kB[22m[1m[22m
[2mdist/server/[22m[36massets/clips.functions-DgHra0gE.js             [39m[1m[2m 7.29 kB[22m[1m[22m
[2mdist/server/[22m[36massets/index-BCZ1SSKH.js                       [39m[1m[2m46.57 kB[22m[1m[22m
[2mdist/server/[22m[36massets/server-CxU_c3Hm.js                      [39m[1m[2m65.88 kB[22m[1m[22m
[32m✓ built in 1.14s[39m
